{"C:\\Users\\sibaj\\OneDrive\\Desktop\\Adopaws V4\\Adopaws V3\\Adopaws\\Adopaws\\adopaws-frontend\\src\\services\\api.js": {"path":"C:\\Users\\sibaj\\OneDrive\\Desktop\\Adopaws V4\\Adopaws V3\\Adopaws\\Adopaws\\adopaws-frontend\\src\\services\\api.js","statementMap":{"0":{"start":{"line":3,"column":17},"end":{"line":3,"column":55}},"1":{"start":{"line":5,"column":12},"end":{"line":8,"column":2}},"2":{"start":{"line":12,"column":27},"end":{"line":57,"column":1}},"3":{"start":{"line":16,"column":16},"end":{"line":16,"column":39}},"4":{"start":{"line":17,"column":18},"end":{"line":17,"column":57}},"5":{"start":{"line":18,"column":18},"end":{"line":20,"column":5}},"6":{"start":{"line":19,"column":13},"end":{"line":19,"column":59}},"7":{"start":{"line":21,"column":4},"end":{"line":21,"column":null}},"8":{"start":{"line":21,"column":16},"end":{"line":21,"column":null}},"9":{"start":{"line":22,"column":4},"end":{"line":23,"column":null}},"10":{"start":{"line":23,"column":6},"end":{"line":23,"column":null}},"11":{"start":{"line":24,"column":4},"end":{"line":24,"column":null}},"12":{"start":{"line":37,"column":16},"end":{"line":37,"column":39}},"13":{"start":{"line":38,"column":18},"end":{"line":38,"column":57}},"14":{"start":{"line":39,"column":19},"end":{"line":41,"column":5}},"15":{"start":{"line":40,"column":13},"end":{"line":40,"column":59}},"16":{"start":{"line":42,"column":4},"end":{"line":42,"column":null}},"17":{"start":{"line":42,"column":16},"end":{"line":42,"column":null}},"18":{"start":{"line":43,"column":20},"end":{"line":52,"column":5}},"19":{"start":{"line":53,"column":20},"end":{"line":53,"column":53}},"20":{"start":{"line":54,"column":21},"end":{"line":54,"column":33}},"21":{"start":{"line":55,"column":4},"end":{"line":55,"column":null}},"22":{"start":{"line":62,"column":27},"end":{"line":68,"column":1}},"23":{"start":{"line":63,"column":16},"end":{"line":63,"column":33}},"24":{"start":{"line":64,"column":19},"end":{"line":64,"column":42}},"25":{"start":{"line":65,"column":20},"end":{"line":65,"column":44}},"26":{"start":{"line":66,"column":24},"end":{"line":66,"column":53}},"27":{"start":{"line":67,"column":18},"end":{"line":67,"column":44}},"28":{"start":{"line":73,"column":26},"end":{"line":79,"column":1}},"29":{"start":{"line":74,"column":22},"end":{"line":74,"column":50}},"30":{"start":{"line":75,"column":19},"end":{"line":75,"column":41}},"31":{"start":{"line":76,"column":20},"end":{"line":76,"column":43}},"32":{"start":{"line":77,"column":24},"end":{"line":77,"column":52}},"33":{"start":{"line":78,"column":18},"end":{"line":78,"column":43}},"34":{"start":{"line":83,"column":31},"end":{"line":87,"column":1}},"35":{"start":{"line":84,"column":23},"end":{"line":84,"column":61}},"36":{"start":{"line":85,"column":20},"end":{"line":85,"column":49}},"37":{"start":{"line":86,"column":18},"end":{"line":86,"column":49}},"38":{"start":{"line":92,"column":31},"end":{"line":100,"column":1}},"39":{"start":{"line":93,"column":19},"end":{"line":93,"column":54}},"40":{"start":{"line":94,"column":23},"end":{"line":94,"column":68}},"41":{"start":{"line":95,"column":25},"end":{"line":95,"column":72}},"42":{"start":{"line":96,"column":20},"end":{"line":96,"column":56}},"43":{"start":{"line":98,"column":4},"end":{"line":98,"column":67}},"44":{"start":{"line":99,"column":18},"end":{"line":99,"column":56}},"45":{"start":{"line":105,"column":34},"end":{"line":111,"column":1}},"46":{"start":{"line":106,"column":16},"end":{"line":106,"column":45}},"47":{"start":{"line":107,"column":19},"end":{"line":107,"column":54}},"48":{"start":{"line":108,"column":20},"end":{"line":108,"column":56}},"49":{"start":{"line":109,"column":24},"end":{"line":109,"column":65}},"50":{"start":{"line":110,"column":18},"end":{"line":110,"column":56}},"51":{"start":{"line":116,"column":35},"end":{"line":123,"column":1}},"52":{"start":{"line":117,"column":19},"end":{"line":117,"column":50}},"53":{"start":{"line":118,"column":27},"end":{"line":118,"column":72}},"54":{"start":{"line":119,"column":29},"end":{"line":119,"column":76}},"55":{"start":{"line":120,"column":20},"end":{"line":120,"column":52}},"56":{"start":{"line":122,"column":4},"end":{"line":122,"column":68}},"57":{"start":{"line":127,"column":43},"end":{"line":131,"column":1}},"58":{"start":{"line":129,"column":4},"end":{"line":129,"column":60}},"59":{"start":{"line":130,"column":20},"end":{"line":130,"column":61}},"60":{"start":{"line":136,"column":30},"end":{"line":172,"column":1}},"61":{"start":{"line":139,"column":16},"end":{"line":139,"column":39}},"62":{"start":{"line":140,"column":21},"end":{"line":142,"column":5}},"63":{"start":{"line":141,"column":13},"end":{"line":141,"column":65}},"64":{"start":{"line":143,"column":4},"end":{"line":143,"column":null}},"65":{"start":{"line":148,"column":16},"end":{"line":148,"column":45}},"66":{"start":{"line":149,"column":4},"end":{"line":149,"column":null}},"67":{"start":{"line":154,"column":16},"end":{"line":154,"column":38}},"68":{"start":{"line":155,"column":17},"end":{"line":157,"column":5}},"69":{"start":{"line":156,"column":13},"end":{"line":156,"column":45}},"70":{"start":{"line":158,"column":4},"end":{"line":158,"column":null}},"71":{"start":{"line":163,"column":19},"end":{"line":163,"column":55}},"72":{"start":{"line":164,"column":17},"end":{"line":164,"column":51}},"73":{"start":{"line":165,"column":4},"end":{"line":165,"column":null}},"74":{"start":{"line":165,"column":19},"end":{"line":165,"column":null}},"75":{"start":{"line":166,"column":16},"end":{"line":166,"column":38}},"76":{"start":{"line":167,"column":17},"end":{"line":169,"column":5}},"77":{"start":{"line":168,"column":13},"end":{"line":168,"column":33}},"78":{"start":{"line":170,"column":4},"end":{"line":170,"column":null}}},"fnMap":{"0":{"name":"(anonymous_0)","decl":{"start":{"line":15,"column":9},"end":{"line":15,"column":14}},"loc":{"start":{"line":15,"column":40},"end":{"line":25,"column":3}},"line":15},"1":{"name":"(anonymous_1)","decl":{"start":{"line":19,"column":6},"end":{"line":19,"column":7}},"loc":{"start":{"line":19,"column":13},"end":{"line":19,"column":59}},"line":19},"2":{"name":"(anonymous_2)","decl":{"start":{"line":28,"column":12},"end":{"line":28,"column":17}},"loc":{"start":{"line":36,"column":8},"end":{"line":56,"column":3}},"line":36},"3":{"name":"(anonymous_3)","decl":{"start":{"line":40,"column":6},"end":{"line":40,"column":7}},"loc":{"start":{"line":40,"column":13},"end":{"line":40,"column":59}},"line":40},"4":{"name":"(anonymous_4)","decl":{"start":{"line":63,"column":10},"end":{"line":63,"column":11}},"loc":{"start":{"line":63,"column":16},"end":{"line":63,"column":33}},"line":63},"5":{"name":"(anonymous_5)","decl":{"start":{"line":64,"column":11},"end":{"line":64,"column":12}},"loc":{"start":{"line":64,"column":19},"end":{"line":64,"column":42}},"line":64},"6":{"name":"(anonymous_6)","decl":{"start":{"line":65,"column":10},"end":{"line":65,"column":11}},"loc":{"start":{"line":65,"column":20},"end":{"line":65,"column":44}},"line":65},"7":{"name":"(anonymous_7)","decl":{"start":{"line":66,"column":10},"end":{"line":66,"column":11}},"loc":{"start":{"line":66,"column":24},"end":{"line":66,"column":53}},"line":66},"8":{"name":"(anonymous_8)","decl":{"start":{"line":67,"column":10},"end":{"line":67,"column":11}},"loc":{"start":{"line":67,"column":18},"end":{"line":67,"column":44}},"line":67},"9":{"name":"(anonymous_9)","decl":{"start":{"line":74,"column":10},"end":{"line":74,"column":11}},"loc":{"start":{"line":74,"column":22},"end":{"line":74,"column":50}},"line":74},"10":{"name":"(anonymous_10)","decl":{"start":{"line":75,"column":11},"end":{"line":75,"column":12}},"loc":{"start":{"line":75,"column":19},"end":{"line":75,"column":41}},"line":75},"11":{"name":"(anonymous_11)","decl":{"start":{"line":76,"column":10},"end":{"line":76,"column":11}},"loc":{"start":{"line":76,"column":20},"end":{"line":76,"column":43}},"line":76},"12":{"name":"(anonymous_12)","decl":{"start":{"line":77,"column":10},"end":{"line":77,"column":11}},"loc":{"start":{"line":77,"column":24},"end":{"line":77,"column":52}},"line":77},"13":{"name":"(anonymous_13)","decl":{"start":{"line":78,"column":10},"end":{"line":78,"column":11}},"loc":{"start":{"line":78,"column":18},"end":{"line":78,"column":43}},"line":78},"14":{"name":"(anonymous_14)","decl":{"start":{"line":84,"column":12},"end":{"line":84,"column":13}},"loc":{"start":{"line":84,"column":23},"end":{"line":84,"column":61}},"line":84},"15":{"name":"(anonymous_15)","decl":{"start":{"line":85,"column":10},"end":{"line":85,"column":11}},"loc":{"start":{"line":85,"column":20},"end":{"line":85,"column":49}},"line":85},"16":{"name":"(anonymous_16)","decl":{"start":{"line":86,"column":10},"end":{"line":86,"column":11}},"loc":{"start":{"line":86,"column":18},"end":{"line":86,"column":49}},"line":86},"17":{"name":"(anonymous_17)","decl":{"start":{"line":93,"column":11},"end":{"line":93,"column":12}},"loc":{"start":{"line":93,"column":19},"end":{"line":93,"column":54}},"line":93},"18":{"name":"(anonymous_18)","decl":{"start":{"line":94,"column":12},"end":{"line":94,"column":13}},"loc":{"start":{"line":94,"column":23},"end":{"line":94,"column":68}},"line":94},"19":{"name":"(anonymous_19)","decl":{"start":{"line":95,"column":13},"end":{"line":95,"column":14}},"loc":{"start":{"line":95,"column":25},"end":{"line":95,"column":72}},"line":95},"20":{"name":"(anonymous_20)","decl":{"start":{"line":96,"column":10},"end":{"line":96,"column":11}},"loc":{"start":{"line":96,"column":20},"end":{"line":96,"column":56}},"line":96},"21":{"name":"(anonymous_21)","decl":{"start":{"line":97,"column":16},"end":{"line":97,"column":17}},"loc":{"start":{"line":98,"column":4},"end":{"line":98,"column":67}},"line":98},"22":{"name":"(anonymous_22)","decl":{"start":{"line":99,"column":10},"end":{"line":99,"column":11}},"loc":{"start":{"line":99,"column":18},"end":{"line":99,"column":56}},"line":99},"23":{"name":"(anonymous_23)","decl":{"start":{"line":106,"column":10},"end":{"line":106,"column":11}},"loc":{"start":{"line":106,"column":16},"end":{"line":106,"column":45}},"line":106},"24":{"name":"(anonymous_24)","decl":{"start":{"line":107,"column":11},"end":{"line":107,"column":12}},"loc":{"start":{"line":107,"column":19},"end":{"line":107,"column":54}},"line":107},"25":{"name":"(anonymous_25)","decl":{"start":{"line":108,"column":10},"end":{"line":108,"column":11}},"loc":{"start":{"line":108,"column":20},"end":{"line":108,"column":56}},"line":108},"26":{"name":"(anonymous_26)","decl":{"start":{"line":109,"column":10},"end":{"line":109,"column":11}},"loc":{"start":{"line":109,"column":24},"end":{"line":109,"column":65}},"line":109},"27":{"name":"(anonymous_27)","decl":{"start":{"line":110,"column":10},"end":{"line":110,"column":11}},"loc":{"start":{"line":110,"column":18},"end":{"line":110,"column":56}},"line":110},"28":{"name":"(anonymous_28)","decl":{"start":{"line":117,"column":11},"end":{"line":117,"column":12}},"loc":{"start":{"line":117,"column":19},"end":{"line":117,"column":50}},"line":117},"29":{"name":"(anonymous_29)","decl":{"start":{"line":118,"column":15},"end":{"line":118,"column":16}},"loc":{"start":{"line":118,"column":27},"end":{"line":118,"column":72}},"line":118},"30":{"name":"(anonymous_30)","decl":{"start":{"line":119,"column":17},"end":{"line":119,"column":18}},"loc":{"start":{"line":119,"column":29},"end":{"line":119,"column":76}},"line":119},"31":{"name":"(anonymous_31)","decl":{"start":{"line":120,"column":10},"end":{"line":120,"column":11}},"loc":{"start":{"line":120,"column":20},"end":{"line":120,"column":52}},"line":120},"32":{"name":"(anonymous_32)","decl":{"start":{"line":121,"column":16},"end":{"line":121,"column":17}},"loc":{"start":{"line":122,"column":4},"end":{"line":122,"column":68}},"line":122},"33":{"name":"(anonymous_33)","decl":{"start":{"line":128,"column":21},"end":{"line":128,"column":22}},"loc":{"start":{"line":129,"column":4},"end":{"line":129,"column":60}},"line":129},"34":{"name":"(anonymous_34)","decl":{"start":{"line":130,"column":10},"end":{"line":130,"column":11}},"loc":{"start":{"line":130,"column":20},"end":{"line":130,"column":61}},"line":130},"35":{"name":"(anonymous_35)","decl":{"start":{"line":138,"column":10},"end":{"line":138,"column":15}},"loc":{"start":{"line":138,"column":22},"end":{"line":144,"column":3}},"line":138},"36":{"name":"(anonymous_36)","decl":{"start":{"line":141,"column":6},"end":{"line":141,"column":7}},"loc":{"start":{"line":141,"column":13},"end":{"line":141,"column":65}},"line":141},"37":{"name":"(anonymous_37)","decl":{"start":{"line":147,"column":11},"end":{"line":147,"column":16}},"loc":{"start":{"line":147,"column":25},"end":{"line":150,"column":3}},"line":147},"38":{"name":"(anonymous_38)","decl":{"start":{"line":153,"column":22},"end":{"line":153,"column":27}},"loc":{"start":{"line":153,"column":43},"end":{"line":159,"column":3}},"line":153},"39":{"name":"(anonymous_39)","decl":{"start":{"line":156,"column":6},"end":{"line":156,"column":7}},"loc":{"start":{"line":156,"column":13},"end":{"line":156,"column":45}},"line":156},"40":{"name":"(anonymous_40)","decl":{"start":{"line":162,"column":13},"end":{"line":162,"column":18}},"loc":{"start":{"line":162,"column":25},"end":{"line":171,"column":3}},"line":162},"41":{"name":"(anonymous_41)","decl":{"start":{"line":168,"column":6},"end":{"line":168,"column":7}},"loc":{"start":{"line":168,"column":13},"end":{"line":168,"column":33}},"line":168}},"branchMap":{"0":{"loc":{"start":{"line":3,"column":17},"end":{"line":3,"column":55}},"type":"binary-expr","locations":[{"start":{"line":3,"column":17},"end":{"line":3,"column":45}},{"start":{"line":3,"column":49},"end":{"line":3,"column":55}}],"line":3},"1":{"loc":{"start":{"line":17,"column":18},"end":{"line":17,"column":57}},"type":"cond-expr","locations":[{"start":{"line":17,"column":44},"end":{"line":17,"column":52}},{"start":{"line":17,"column":55},"end":{"line":17,"column":57}}],"line":17},"2":{"loc":{"start":{"line":21,"column":4},"end":{"line":21,"column":null}},"type":"if","locations":[{"start":{"line":21,"column":4},"end":{"line":21,"column":null}},{"start":{},"end":{}}],"line":21},"3":{"loc":{"start":{"line":22,"column":4},"end":{"line":23,"column":null}},"type":"if","locations":[{"start":{"line":22,"column":4},"end":{"line":23,"column":null}},{"start":{},"end":{}}],"line":22},"4":{"loc":{"start":{"line":38,"column":18},"end":{"line":38,"column":57}},"type":"cond-expr","locations":[{"start":{"line":38,"column":44},"end":{"line":38,"column":52}},{"start":{"line":38,"column":55},"end":{"line":38,"column":57}}],"line":38},"5":{"loc":{"start":{"line":42,"column":4},"end":{"line":42,"column":null}},"type":"if","locations":[{"start":{"line":42,"column":4},"end":{"line":42,"column":null}},{"start":{},"end":{}}],"line":42},"6":{"loc":{"start":{"line":47,"column":16},"end":{"line":47,"column":37}},"type":"binary-expr","locations":[{"start":{"line":47,"column":16},"end":{"line":47,"column":24}},{"start":{"line":47,"column":28},"end":{"line":47,"column":37}}],"line":47},"7":{"loc":{"start":{"line":48,"column":13},"end":{"line":48,"column":24}},"type":"binary-expr","locations":[{"start":{"line":48,"column":13},"end":{"line":48,"column":18}},{"start":{"line":48,"column":22},"end":{"line":48,"column":24}}],"line":48},"8":{"loc":{"start":{"line":49,"column":14},"end":{"line":49,"column":26}},"type":"binary-expr","locations":[{"start":{"line":49,"column":14},"end":{"line":49,"column":20}},{"start":{"line":49,"column":24},"end":{"line":49,"column":26}}],"line":49},"9":{"loc":{"start":{"line":50,"column":26},"end":{"line":50,"column":50}},"type":"binary-expr","locations":[{"start":{"line":50,"column":26},"end":{"line":50,"column":44}},{"start":{"line":50,"column":48},"end":{"line":50,"column":50}}],"line":50},"10":{"loc":{"start":{"line":140,"column":22},"end":{"line":140,"column":61}},"type":"cond-expr","locations":[{"start":{"line":140,"column":48},"end":{"line":140,"column":56}},{"start":{"line":140,"column":59},"end":{"line":140,"column":61}}],"line":140},"11":{"loc":{"start":{"line":141,"column":13},"end":{"line":141,"column":65}},"type":"binary-expr","locations":[{"start":{"line":141,"column":13},"end":{"line":141,"column":37}},{"start":{"line":141,"column":41},"end":{"line":141,"column":65}}],"line":141},"12":{"loc":{"start":{"line":155,"column":18},"end":{"line":155,"column":57}},"type":"cond-expr","locations":[{"start":{"line":155,"column":44},"end":{"line":155,"column":52}},{"start":{"line":155,"column":55},"end":{"line":155,"column":57}}],"line":155},"13":{"loc":{"start":{"line":164,"column":17},"end":{"line":164,"column":51}},"type":"cond-expr","locations":[{"start":{"line":164,"column":26},"end":{"line":164,"column":44}},{"start":{"line":164,"column":47},"end":{"line":164,"column":51}}],"line":164},"14":{"loc":{"start":{"line":165,"column":4},"end":{"line":165,"column":null}},"type":"if","locations":[{"start":{"line":165,"column":4},"end":{"line":165,"column":null}},{"start":{},"end":{}}],"line":165},"15":{"loc":{"start":{"line":167,"column":18},"end":{"line":167,"column":57}},"type":"cond-expr","locations":[{"start":{"line":167,"column":44},"end":{"line":167,"column":52}},{"start":{"line":167,"column":55},"end":{"line":167,"column":57}}],"line":167}},"s":{"0":6,"1":6,"2":6,"3":4,"4":4,"5":4,"6":3,"7":4,"8":1,"9":3,"10":3,"11":2,"12":3,"13":3,"14":3,"15":1,"16":3,"17":1,"18":2,"19":3,"20":2,"21":2,"22":6,"23":2,"24":2,"25":2,"26":2,"27":2,"28":6,"29":2,"30":2,"31":2,"32":2,"33":2,"34":6,"35":0,"36":0,"37":0,"38":6,"39":2,"40":2,"41":1,"42":2,"43":2,"44":2,"45":6,"46":2,"47":2,"48":2,"49":2,"50":2,"51":6,"52":2,"53":2,"54":1,"55":2,"56":2,"57":6,"58":2,"59":2,"60":6,"61":0,"62":0,"63":0,"64":0,"65":0,"66":0,"67":0,"68":0,"69":0,"70":0,"71":0,"72":0,"73":0,"74":0,"75":0,"76":0,"77":0,"78":0},"f":{"0":4,"1":3,"2":3,"3":1,"4":2,"5":2,"6":2,"7":2,"8":2,"9":2,"10":2,"11":2,"12":2,"13":2,"14":0,"15":0,"16":0,"17":2,"18":2,"19":1,"20":2,"21":2,"22":2,"23":2,"24":2,"25":2,"26":2,"27":2,"28":2,"29":2,"30":1,"31":2,"32":2,"33":2,"34":2,"35":0,"36":0,"37":0,"38":0,"39":0,"40":0,"41":0},"b":{"0":[6,0],"1":[4,0],"2":[1,3],"3":[1,2],"4":[3,0],"5":[1,2],"6":[2,1],"7":[3,1],"8":[3,1],"9":[3,2],"10":[0,0],"11":[0,0],"12":[0,0],"13":[0,0],"14":[0,0],"15":[0,0]},"meta":{"lastBranch":16,"lastFunction":42,"lastStatement":79,"seen":{"s:3:17:3:55":0,"b:3:17:3:45:3:49:3:55":0,"s:5:12:8:2":1,"s:12:27:57:1":2,"f:15:9:15:14":0,"s:16:16:16:39":3,"s:17:18:17:57":4,"b:17:44:17:52:17:55:17:57":1,"s:18:18:20:5":5,"f:19:6:19:7":1,"s:19:13:19:59":6,"b:21:4:21:Infinity:undefined:undefined:undefined:undefined":2,"s:21:4:21:Infinity":7,"s:21:16:21:Infinity":8,"b:22:4:23:Infinity:undefined:undefined:undefined:undefined":3,"s:22:4:23:Infinity":9,"s:23:6:23:Infinity":10,"s:24:4:24:Infinity":11,"f:28:12:28:17":2,"s:37:16:37:39":12,"s:38:18:38:57":13,"b:38:44:38:52:38:55:38:57":4,"s:39:19:41:5":14,"f:40:6:40:7":3,"s:40:13:40:59":15,"b:42:4:42:Infinity:undefined:undefined:undefined:undefined":5,"s:42:4:42:Infinity":16,"s:42:16:42:Infinity":17,"s:43:20:52:5":18,"b:47:16:47:24:47:28:47:37":6,"b:48:13:48:18:48:22:48:24":7,"b:49:14:49:20:49:24:49:26":8,"b:50:26:50:44:50:48:50:50":9,"s:53:20:53:53":19,"s:54:21:54:33":20,"s:55:4:55:Infinity":21,"s:62:27:68:1":22,"f:63:10:63:11":4,"s:63:16:63:33":23,"f:64:11:64:12":5,"s:64:19:64:42":24,"f:65:10:65:11":6,"s:65:20:65:44":25,"f:66:10:66:11":7,"s:66:24:66:53":26,"f:67:10:67:11":8,"s:67:18:67:44":27,"s:73:26:79:1":28,"f:74:10:74:11":9,"s:74:22:74:50":29,"f:75:11:75:12":10,"s:75:19:75:41":30,"f:76:10:76:11":11,"s:76:20:76:43":31,"f:77:10:77:11":12,"s:77:24:77:52":32,"f:78:10:78:11":13,"s:78:18:78:43":33,"s:83:31:87:1":34,"f:84:12:84:13":14,"s:84:23:84:61":35,"f:85:10:85:11":15,"s:85:20:85:49":36,"f:86:10:86:11":16,"s:86:18:86:49":37,"s:92:31:100:1":38,"f:93:11:93:12":17,"s:93:19:93:54":39,"f:94:12:94:13":18,"s:94:23:94:68":40,"f:95:13:95:14":19,"s:95:25:95:72":41,"f:96:10:96:11":20,"s:96:20:96:56":42,"f:97:16:97:17":21,"s:98:4:98:67":43,"f:99:10:99:11":22,"s:99:18:99:56":44,"s:105:34:111:1":45,"f:106:10:106:11":23,"s:106:16:106:45":46,"f:107:11:107:12":24,"s:107:19:107:54":47,"f:108:10:108:11":25,"s:108:20:108:56":48,"f:109:10:109:11":26,"s:109:24:109:65":49,"f:110:10:110:11":27,"s:110:18:110:56":50,"s:116:35:123:1":51,"f:117:11:117:12":28,"s:117:19:117:50":52,"f:118:15:118:16":29,"s:118:27:118:72":53,"f:119:17:119:18":30,"s:119:29:119:76":54,"f:120:10:120:11":31,"s:120:20:120:52":55,"f:121:16:121:17":32,"s:122:4:122:68":56,"s:127:43:131:1":57,"f:128:21:128:22":33,"s:129:4:129:60":58,"f:130:10:130:11":34,"s:130:20:130:61":59,"s:136:30:172:1":60,"f:138:10:138:15":35,"s:139:16:139:39":61,"s:140:21:142:5":62,"b:140:48:140:56:140:59:140:61":10,"f:141:6:141:7":36,"s:141:13:141:65":63,"b:141:13:141:37:141:41:141:65":11,"s:143:4:143:Infinity":64,"f:147:11:147:16":37,"s:148:16:148:45":65,"s:149:4:149:Infinity":66,"f:153:22:153:27":38,"s:154:16:154:38":67,"s:155:17:157:5":68,"b:155:44:155:52:155:55:155:57":12,"f:156:6:156:7":39,"s:156:13:156:45":69,"s:158:4:158:Infinity":70,"f:162:13:162:18":40,"s:163:19:163:55":71,"s:164:17:164:51":72,"b:164:26:164:44:164:47:164:51":13,"b:165:4:165:Infinity:undefined:undefined:undefined:undefined":14,"s:165:4:165:Infinity":73,"s:165:19:165:Infinity":74,"s:166:16:166:38":75,"s:167:17:169:5":76,"b:167:44:167:52:167:55:167:57":15,"f:168:6:168:7":41,"s:168:13:168:33":77,"s:170:4:170:Infinity":78}}}
}
